{"meta": {"format": 3, "version": "7.13.5", "timestamp": "2026-04-22T22:00:50.055032", "branch_coverage": false, "show_contexts": false}, "files": {"ai_engine\\__init__.py": {"executed_lines": [6, 8], "summary": {"covered_lines": 2, "num_statements": 2, "percent_covered": 100.0, "percent_covered_display": "100", "missing_lines": 0, "excluded_lines": 0, "percent_statements_covered": 100.0, "percent_statements_covered_display": "100"}, "missing_lines": [], "excluded_lines": [], "functions": {"": {"executed_lines": [6, 8], "summary": {"covered_lines": 2, "num_statements": 2, "percent_covered": 100.0, "percent_covered_display": "100", "missing_lines": 0, "excluded_lines": 0, "percent_statements_covered": 100.0, "percent_statements_covered_display": "100"}, "missing_lines": [], "excluded_lines": [], "start_line": 1}}, "classes": {"": {"executed_lines": [6, 8], "summary": {"covered_lines": 2, "num_statements": 2, "percent_covered": 100.0, "percent_covered_display": "100", "missing_lines": 0, "excluded_lines": 0, "percent_statements_covered": 100.0, "percent_statements_covered_display": "100"}, "missing_lines": [], "excluded_lines": [], "start_line": 1}}}, "ai_engine\\orchestrator.py": {"executed_lines": [8, 9, 10, 12, 13, 14, 15, 16, 18, 24, 26, 27, 30, 32, 35, 41, 42, 43, 44, 45, 47, 49, 58, 60, 62, 70, 73, 85, 86, 96, 97, 98, 100, 101, 102, 104, 105, 106, 112, 113, 118, 121, 122, 123, 134, 135, 140, 141, 144, 145, 148, 149, 152, 162, 163, 168, 174, 186, 191, 219, 227, 232, 272, 280, 285, 343, 388, 393, 397, 399, 400, 401, 402, 403, 405, 408, 412, 414, 415, 417, 418, 419, 420, 422, 425, 427], "summary": {"covered_lines": 86, "num_statements": 184, "percent_covered": 46.73913043478261, "percent_covered_display": "47", "missing_lines": 98, "excluded_lines": 0, "percent_statements_covered": 46.73913043478261, "percent_statements_covered_display": "47"}, "missing_lines": [74, 136, 137, 176, 177, 178, 179, 180, 193, 196, 199, 200, 202, 210, 211, 213, 221, 222, 223, 224, 225, 234, 236, 238, 239, 241, 247, 248, 249, 252, 255, 259, 260, 261, 263, 264, 266, 274, 275, 276, 277, 278, 287, 290, 291, 292, 299, 301, 302, 304, 309, 310, 311, 314, 315, 316, 317, 318, 319, 321, 323, 324, 325, 326, 327, 328, 329, 332, 334, 335, 337, 348, 349, 350, 352, 353, 354, 356, 361, 362, 363, 364, 365, 366, 369, 370, 372, 373, 374, 376, 377, 379, 380, 382, 395, 409, 410, 423], "excluded_lines": [], "functions": {"AIOrchestrator.__init__": {"executed_lines": [42, 43, 44, 45, 47, 49], "summary": {"covered_lines": 6, "num_statements": 6, "percent_covered": 100.0, "percent_covered_display": "100", "missing_lines": 0, "excluded_lines": 0, "percent_statements_covered": 100.0, "percent_statements_covered_display": "100"}, "missing_lines": [], "excluded_lines": [], "start_line": 41}, "AIOrchestrator._build_llm_with_fallback": {"executed_lines": [60, 62, 70, 73, 85, 86, 96, 97, 98, 100, 101, 102, 104, 105, 106], "summary": {"covered_lines": 15, "num_statements": 16, "percent_covered": 93.75, "percent_covered_display": "94", "missing_lines": 1, "excluded_lines": 0, "percent_statements_covered": 93.75, "percent_statements_covered_display": "94"}, "missing_lines": [74], "excluded_lines": [], "start_line": 58}, "AIOrchestrator.process": {"executed_lines": [118, 121, 122, 123, 134, 135, 140, 141, 144, 145, 148, 149, 152, 162, 163, 168], "summary": {"covered_lines": 16, "num_statements": 18, "percent_covered": 88.88888888888889, "percent_covered_display": "89", "missing_lines": 2, "excluded_lines": 0, "percent_statements_covered": 88.88888888888889, "percent_statements_covered_display": "89"}, "missing_lines": [136, 137], "excluded_lines": [], "start_line": 113}, "AIOrchestrator._safe_generate_executive_summary": {"executed_lines": [], "summary": {"covered_lines": 0, "num_statements": 5, "percent_covered": 0.0, "percent_covered_display": "0", "missing_lines": 5, "excluded_lines": 0, "percent_statements_covered": 0.0, "percent_statements_covered_display": "0"}, "missing_lines": [176, 177, 178, 179, 180], "excluded_lines": [], "start_line": 174}, "AIOrchestrator._generate_executive_summary": {"executed_lines": [], "summary": {"covered_lines": 0, "num_statements": 8, "percent_covered": 0.0, "percent_covered_display": "0", "missing_lines": 8, "excluded_lines": 0, "percent_statements_covered": 0.0, "percent_statements_covered_display": "0"}, "missing_lines": [193, 196, 199, 200, 202, 210, 211, 213], "excluded_lines": [], "start_line": 191}, "AIOrchestrator._safe_extract_keywords": {"executed_lines": [], "summary": {"covered_lines": 0, "num_statements": 5, "percent_covered": 0.0, "percent_covered_display": "0", "missing_lines": 5, "excluded_lines": 0, "percent_statements_covered": 0.0, "percent_statements_covered_display": "0"}, "missing_lines": [221, 222, 223, 224, 225], "excluded_lines": [], "start_line": 219}, "AIOrchestrator._extract_trending_keywords": {"executed_lines": [], "summary": {"covered_lines": 0, "num_statements": 16, "percent_covered": 0.0, "percent_covered_display": "0", "missing_lines": 16, "excluded_lines": 0, "percent_statements_covered": 0.0, "percent_statements_covered_display": "0"}, "missing_lines": [234, 236, 238, 239, 241, 247, 248, 249, 252, 255, 259, 260, 261, 263, 264, 266], "excluded_lines": [], "start_line": 232}, "AIOrchestrator._safe_select_highlighted_news": {"executed_lines": [], "summary": {"covered_lines": 0, "num_statements": 5, "percent_covered": 0.0, "percent_covered_display": "0", "missing_lines": 5, "excluded_lines": 0, "percent_statements_covered": 0.0, "percent_statements_covered_display": "0"}, "missing_lines": [274, 275, 276, 277, 278], "excluded_lines": [], "start_line": 272}, "AIOrchestrator._select_highlighted_news": {"executed_lines": [], "summary": {"covered_lines": 0, "num_statements": 29, "percent_covered": 0.0, "percent_covered_display": "0", "missing_lines": 29, "excluded_lines": 0, "percent_statements_covered": 0.0, "percent_statements_covered_display": "0"}, "missing_lines": [287, 290, 291, 292, 299, 301, 302, 304, 309, 310, 311, 314, 315, 316, 317, 318, 319, 321, 323, 324, 325, 326, 327, 328, 329, 332, 334, 335, 337], "excluded_lines": [], "start_line": 285}, "AIOrchestrator._batch_summarize": {"executed_lines": [], "summary": {"covered_lines": 0, "num_statements": 23, "percent_covered": 0.0, "percent_covered_display": "0", "missing_lines": 23, "excluded_lines": 0, "percent_statements_covered": 0.0, "percent_statements_covered_display": "0"}, "missing_lines": [348, 349, 350, 352, 353, 354, 356, 361, 362, 363, 364, 365, 366, 369, 370, 372, 373, 374, 376, 377, 379, 380, 382], "excluded_lines": [], "start_line": 343}, "AIOrchestrator._invoke_with_retry": {"executed_lines": [], "summary": {"covered_lines": 0, "num_statements": 1, "percent_covered": 0.0, "percent_covered_display": "0", "missing_lines": 1, "excluded_lines": 0, "percent_statements_covered": 0.0, "percent_statements_covered_display": "0"}, "missing_lines": [395], "excluded_lines": [], "start_line": 393}, "AIOrchestrator._prepare_text_corpus": {"executed_lines": [399, 400, 401, 402, 403, 405, 408, 412], "summary": {"covered_lines": 8, "num_statements": 10, "percent_covered": 80.0, "percent_covered_display": "80", "missing_lines": 2, "excluded_lines": 0, "percent_statements_covered": 80.0, "percent_statements_covered_display": "80"}, "missing_lines": [409, 410], "excluded_lines": [], "start_line": 397}, "AIOrchestrator._deduplicate_keywords": {"executed_lines": [417, 418, 419, 420, 422, 425, 427], "summary": {"covered_lines": 7, "num_statements": 8, "percent_covered": 87.5, "percent_covered_display": "88", "missing_lines": 1, "excluded_lines": 0, "percent_statements_covered": 87.5, "percent_statements_covered_display": "88"}, "missing_lines": [423], "excluded_lines": [], "start_line": 415}, "": {"executed_lines": [8, 9, 10, 12, 13, 14, 15, 16, 18, 24, 26, 27, 30, 32, 35, 41, 58, 112, 113, 174, 186, 191, 219, 227, 232, 272, 280, 285, 343, 388, 393, 397, 414, 415], "summary": {"covered_lines": 34, "num_statements": 34, "percent_covered": 100.0, "percent_covered_display": "100", "missing_lines": 0, "excluded_lines": 0, "percent_statements_covered": 100.0, "percent_statements_covered_display": "100"}, "missing_lines": [], "excluded_lines": [], "start_line": 1}}, "classes": {"AIProcessingError": {"executed_lines": [], "summary": {"covered_lines": 0, "num_statements": 0, "percent_covered": 100.0, "percent_covered_display": "100", "missing_lines": 0, "excluded_lines": 0, "percent_statements_covered": 100.0, "percent_statements_covered_display": "100"}, "missing_lines": [], "excluded_lines": [], "start_line": 30}, "AIOrchestrator": {"executed_lines": [42, 43, 44, 45, 47, 49, 60, 62, 70, 73, 85, 86, 96, 97, 98, 100, 101, 102, 104, 105, 106, 118, 121, 122, 123, 134, 135, 140, 141, 144, 145, 148, 149, 152, 162, 163, 168, 399, 400, 401, 402, 403, 405, 408, 412, 417, 418, 419, 420, 422, 425, 427], "summary": {"covered_lines": 52, "num_statements": 150, "percent_covered": 34.666666666666664, "percent_covered_display": "35", "missing_lines": 98, "excluded_lines": 0, "percent_statements_covered": 34.666666666666664, "percent_statements_covered_display": "35"}, "missing_lines": [74, 136, 137, 176, 177, 178, 179, 180, 193, 196, 199, 200, 202, 210, 211, 213, 221, 222, 223, 224, 225, 234, 236, 238, 239, 241, 247, 248, 249, 252, 255, 259, 260, 261, 263, 264, 266, 274, 275, 276, 277, 278, 287, 290, 291, 292, 299, 301, 302, 304, 309, 310, 311, 314, 315, 316, 317, 318, 319, 321, 323, 324, 325, 326, 327, 328, 329, 332, 334, 335, 337, 348, 349, 350, 352, 353, 354, 356, 361, 362, 363, 364, 365, 366, 369, 370, 372, 373, 374, 376, 377, 379, 380, 382, 395, 409, 410, 423], "excluded_lines": [], "start_line": 35}, "": {"executed_lines": [8, 9, 10, 12, 13, 14, 15, 16, 18, 24, 26, 27, 30, 32, 35, 41, 58, 112, 113, 174, 186, 191, 219, 227, 232, 272, 280, 285, 343, 388, 393, 397, 414, 415], "summary": {"covered_lines": 34, "num_statements": 34, "percent_covered": 100.0, "percent_covered_display": "100", "missing_lines": 0, "excluded_lines": 0, "percent_statements_covered": 100.0, "percent_statements_covered_display": "100"}, "missing_lines": [], "excluded_lines": [], "start_line": 1}}}, "ai_engine\\prompts.py": {"executed_lines": [11, 37, 62, 98], "summary": {"covered_lines": 4, "num_statements": 4, "percent_covered": 100.0, "percent_covered_display": "100", "missing_lines": 0, "excluded_lines": 0, "percent_statements_covered": 100.0, "percent_statements_covered_display": "100"}, "missing_lines": [], "excluded_lines": [], "functions": {"": {"executed_lines": [11, 37, 62, 98], "summary": {"covered_lines": 4, "num_statements": 4, "percent_covered": 100.0, "percent_covered_display": "100", "missing_lines": 0, "excluded_lines": 0, "percent_statements_covered": 100.0, "percent_statements_covered_display": "100"}, "missing_lines": [], "excluded_lines": [], "start_line": 1}}, "classes": {"": {"executed_lines": [11, 37, 62, 98], "summary": {"covered_lines": 4, "num_statements": 4, "percent_covered": 100.0, "percent_covered_display": "100", "missing_lines": 0, "excluded_lines": 0, "percent_statements_covered": 100.0, "percent_statements_covered_display": "100"}, "missing_lines": [], "excluded_lines": [], "start_line": 1}}}, "config\\__init__.py": {"executed_lines": [6, 8], "summary": {"covered_lines": 2, "num_statements": 2, "percent_covered": 100.0, "percent_covered_display": "100", "missing_lines": 0, "excluded_lines": 0, "percent_statements_covered": 100.0, "percent_statements_covered_display": "100"}, "missing_lines": [], "excluded_lines": [], "functions": {"": {"executed_lines": [6, 8], "summary": {"covered_lines": 2, "num_statements": 2, "percent_covered": 100.0, "percent_covered_display": "100", "missing_lines": 0, "excluded_lines": 0, "percent_statements_covered": 100.0, "percent_statements_covered_display": "100"}, "missing_lines": [], "excluded_lines": [], "start_line": 1}}, "classes": {"": {"executed_lines": [6, 8], "summary": {"covered_lines": 2, "num_statements": 2, "percent_covered": 100.0, "percent_covered_display": "100", "missing_lines": 0, "excluded_lines": 0, "percent_statements_covered": 100.0, "percent_statements_covered_display": "100"}, "missing_lines": [], "excluded_lines": [], "start_line": 1}}}, "config\\settings.py": {"executed_lines": [7, 8, 10, 11, 13, 15, 18, 26, 27, 30, 31, 32, 33, 34, 35, 38, 39, 40, 41, 48, 49, 50, 51, 54, 55, 56, 57, 60, 61, 62, 64, 75, 76, 77, 78, 79, 80, 82, 83, 84, 85, 86, 87, 89, 90, 91, 92, 93, 94, 96, 97, 98, 99, 100, 101, 107, 108, 112, 113, 117, 119, 120, 124, 125, 126, 132, 134, 136, 142, 144, 145, 146, 149, 150], "summary": {"covered_lines": 74, "num_statements": 84, "percent_covered": 88.0952380952381, "percent_covered_display": "88", "missing_lines": 10, "excluded_lines": 0, "percent_statements_covered": 88.0952380952381, "percent_statements_covered_display": "88"}, "missing_lines": [138, 139, 140, 160, 161, 162, 175, 176, 177, 181], "excluded_lines": [], "functions": {"AppSettings.validate_concurrent_requests": {"executed_lines": [78, 79, 80], "summary": {"covered_lines": 3, "num_statements": 3, "percent_covered": 100.0, "percent_covered_display": "100", "missing_lines": 0, "excluded_lines": 0, "percent_statements_covered": 100.0, "percent_statements_covered_display": "100"}, "missing_lines": [], "excluded_lines": [], "start_line": 77}, "AppSettings.validate_download_delay": {"executed_lines": [85, 86, 87], "summary": {"covered_lines": 3, "num_statements": 3, "percent_covered": 100.0, "percent_covered_display": "100", "missing_lines": 0, "excluded_lines": 0, "percent_statements_covered": 100.0, "percent_statements_covered_display": "100"}, "missing_lines": [], "excluded_lines": [], "start_line": 84}, "AppSettings.validate_crawl_days_back": {"executed_lines": [92, 93, 94], "summary": {"covered_lines": 3, "num_statements": 3, "percent_covered": 100.0, "percent_covered_display": "100", "missing_lines": 0, "excluded_lines": 0, "percent_statements_covered": 100.0, "percent_statements_covered_display": "100"}, "missing_lines": [], "excluded_lines": [], "start_line": 91}, "AppSettings.validate_gemini_key": {"executed_lines": [99, 100, 101], "summary": {"covered_lines": 3, "num_statements": 3, "percent_covered": 100.0, "percent_covered_display": "100", "missing_lines": 0, "excluded_lines": 0, "percent_statements_covered": 100.0, "percent_statements_covered_display": "100"}, "missing_lines": [], "excluded_lines": [], "start_line": 98}, "AppSettings.validate_fallback_requires_openai_key": {"executed_lines": [112, 113, 117], "summary": {"covered_lines": 3, "num_statements": 3, "percent_covered": 100.0, "percent_covered_display": "100", "missing_lines": 0, "excluded_lines": 0, "percent_statements_covered": 100.0, "percent_statements_covered_display": "100"}, "missing_lines": [], "excluded_lines": [], "start_line": 108}, "AppSettings.enforce_production_delay": {"executed_lines": [124, 125, 126], "summary": {"covered_lines": 3, "num_statements": 3, "percent_covered": 100.0, "percent_covered_display": "100", "missing_lines": 0, "excluded_lines": 0, "percent_statements_covered": 100.0, "percent_statements_covered_display": "100"}, "missing_lines": [], "excluded_lines": [], "start_line": 120}, "AppSettings.get_active_model": {"executed_lines": [134], "summary": {"covered_lines": 1, "num_statements": 1, "percent_covered": 100.0, "percent_covered_display": "100", "missing_lines": 0, "excluded_lines": 0, "percent_statements_covered": 100.0, "percent_statements_covered_display": "100"}, "missing_lines": [], "excluded_lines": [], "start_line": 132}, "AppSettings.get_gemini_fallbacks": {"executed_lines": [], "summary": {"covered_lines": 0, "num_statements": 3, "percent_covered": 0.0, "percent_covered_display": "0", "missing_lines": 3, "excluded_lines": 0, "percent_statements_covered": 0.0, "percent_statements_covered_display": "0"}, "missing_lines": [138, 139, 140], "excluded_lines": [], "start_line": 136}, "AppSettings.get_fallback_model": {"executed_lines": [144, 145, 146], "summary": {"covered_lines": 3, "num_statements": 3, "percent_covered": 100.0, "percent_covered_display": "100", "missing_lines": 0, "excluded_lines": 0, "percent_statements_covered": 100.0, "percent_statements_covered_display": "100"}, "missing_lines": [], "excluded_lines": [], "start_line": 142}, "get_settings": {"executed_lines": [], "summary": {"covered_lines": 0, "num_statements": 7, "percent_covered": 0.0, "percent_covered_display": "0", "missing_lines": 7, "excluded_lines": 0, "percent_statements_covered": 0.0, "percent_statements_covered_display": "0"}, "missing_lines": [160, 161, 162, 175, 176, 177, 181], "excluded_lines": [], "start_line": 150}, "": {"executed_lines": [7, 8, 10, 11, 13, 15, 18, 26, 27, 30, 31, 32, 33, 34, 35, 38, 39, 40, 41, 48, 49, 50, 51, 54, 55, 56, 57, 60, 61, 62, 64, 75, 76, 77, 82, 83, 84, 89, 90, 91, 96, 97, 98, 107, 108, 119, 120, 132, 136, 142, 149, 150], "summary": {"covered_lines": 52, "num_statements": 52, "percent_covered": 100.0, "percent_covered_display": "100", "missing_lines": 0, "excluded_lines": 0, "percent_statements_covered": 100.0, "percent_statements_covered_display": "100"}, "missing_lines": [], "excluded_lines": [], "start_line": 1}}, "classes": {"AppSettings": {"executed_lines": [78, 79, 80, 85, 86, 87, 92, 93, 94, 99, 100, 101, 112, 113, 117, 124, 125, 126, 134, 144, 145, 146], "summary": {"covered_lines": 22, "num_statements": 25, "percent_covered": 88.0, "percent_covered_display": "88", "missing_lines": 3, "excluded_lines": 0, "percent_statements_covered": 88.0, "percent_statements_covered_display": "88"}, "missing_lines": [138, 139, 140], "excluded_lines": [], "start_line": 18}, "": {"executed_lines": [7, 8, 10, 11, 13, 15, 18, 26, 27, 30, 31, 32, 33, 34, 35, 38, 39, 40, 41, 48, 49, 50, 51, 54, 55, 56, 57, 60, 61, 62, 64, 75, 76, 77, 82, 83, 84, 89, 90, 91, 96, 97, 98, 107, 108, 119, 120, 132, 136, 142, 149, 150], "summary": {"covered_lines": 52, "num_statements": 59, "percent_covered": 88.13559322033899, "percent_covered_display": "88", "missing_lines": 7, "excluded_lines": 0, "percent_statements_covered": 88.13559322033899, "percent_statements_covered_display": "88"}, "missing_lines": [160, 161, 162, 175, 176, 177, 181], "excluded_lines": [], "start_line": 1}}}, "pipeline\\__init__.py": {"executed_lines": [6, 8], "summary": {"covered_lines": 2, "num_statements": 2, "percent_covered": 100.0, "percent_covered_display": "100", "missing_lines": 0, "excluded_lines": 0, "percent_statements_covered": 100.0, "percent_statements_covered_display": "100"}, "missing_lines": [], "excluded_lines": [], "functions": {"": {"executed_lines": [6, 8], "summary": {"covered_lines": 2, "num_statements": 2, "percent_covered": 100.0, "percent_covered_display": "100", "missing_lines": 0, "excluded_lines": 0, "percent_statements_covered": 100.0, "percent_statements_covered_display": "100"}, "missing_lines": [], "excluded_lines": [], "start_line": 1}}, "classes": {"": {"executed_lines": [6, 8], "summary": {"covered_lines": 2, "num_statements": 2, "percent_covered": 100.0, "percent_covered_display": "100", "missing_lines": 0, "excluded_lines": 0, "percent_statements_covered": 100.0, "percent_statements_covered_display": "100"}, "missing_lines": [], "excluded_lines": [], "start_line": 1}}}, "pipeline\\airflow_dag.py": {"executed_lines": [], "summary": {"covered_lines": 0, "num_statements": 10, "percent_covered": 0.0, "percent_covered_display": "0", "missing_lines": 10, "excluded_lines": 0, "percent_statements_covered": 0.0, "percent_statements_covered_display": "0"}, "missing_lines": [1, 2, 3, 6, 16, 31, 37, 43, 49, 58], "excluded_lines": [], "functions": {"": {"executed_lines": [], "summary": {"covered_lines": 0, "num_statements": 10, "percent_covered": 0.0, "percent_covered_display": "0", "missing_lines": 10, "excluded_lines": 0, "percent_statements_covered": 0.0, "percent_statements_covered_display": "0"}, "missing_lines": [1, 2, 3, 6, 16, 31, 37, 43, 49, 58], "excluded_lines": [], "start_line": 1}}, "classes": {"": {"executed_lines": [], "summary": {"covered_lines": 0, "num_statements": 10, "percent_covered": 0.0, "percent_covered_display": "0", "missing_lines": 10, "excluded_lines": 0, "percent_statements_covered": 0.0, "percent_statements_covered_display": "0"}, "missing_lines": [1, 2, 3, 6, 16, 31, 37, 43, 49, 58], "excluded_lines": [], "start_line": 1}}}, "pipeline\\orchestrator.py": {"executed_lines": [7, 8, 9, 10, 12, 14, 16, 19, 25, 26, 29, 35, 36, 37, 38, 39, 40, 43, 44, 45, 48, 57, 65, 66, 67, 68, 69, 70, 72, 73, 79, 80, 81, 82, 83, 84, 86, 87, 93, 94, 95, 96, 97, 98, 100, 101, 102, 103, 104, 105, 111, 112, 122, 123, 125, 126, 127, 128, 130, 133, 136, 139, 140, 143, 147, 151, 152, 154, 155, 156, 157, 160, 161, 162, 164, 170, 219, 271, 331, 333, 334, 336, 337, 340, 341, 343, 348, 350, 351, 354, 355, 365, 375, 377, 378, 379, 380, 383, 384, 392, 394, 410, 411, 420, 422, 423, 424, 425, 426, 434, 436, 437, 438, 439, 440, 442, 452, 453], "summary": {"covered_lines": 118, "num_statements": 204, "percent_covered": 57.84313725490196, "percent_covered_display": "58", "missing_lines": 86, "excluded_lines": 0, "percent_statements_covered": 57.84313725490196, "percent_statements_covered_display": "58"}, "missing_lines": [74, 75, 76, 77, 88, 89, 90, 91, 131, 134, 137, 148, 149, 172, 173, 175, 177, 178, 179, 181, 182, 184, 185, 187, 195, 196, 200, 201, 206, 207, 209, 210, 221, 222, 224, 226, 227, 229, 230, 231, 234, 237, 240, 241, 243, 251, 252, 257, 258, 260, 261, 273, 274, 276, 277, 280, 281, 283, 284, 286, 287, 291, 296, 302, 304, 312, 313, 318, 319, 321, 322, 344, 352, 357, 385, 386, 387, 388, 389, 390, 401, 402, 407, 408, 427, 429], "excluded_lines": [], "functions": {"PipelineOrchestrator.__init__": {"executed_lines": [26, 29, 35, 36, 37, 38, 39, 40, 43, 44, 45, 48, 57], "summary": {"covered_lines": 13, "num_statements": 13, "percent_covered": 100.0, "percent_covered_display": "100", "missing_lines": 0, "excluded_lines": 0, "percent_statements_covered": 100.0, "percent_statements_covered_display": "100"}, "missing_lines": [], "excluded_lines": [], "start_line": 25}, "PipelineOrchestrator.store": {"executed_lines": [67, 68, 69, 70], "summary": {"covered_lines": 4, "num_statements": 4, "percent_covered": 100.0, "percent_covered_display": "100", "missing_lines": 0, "excluded_lines": 0, "percent_statements_covered": 100.0, "percent_statements_covered_display": "100"}, "missing_lines": [], "excluded_lines": [], "start_line": 66}, "PipelineOrchestrator.cleaner": {"executed_lines": [], "summary": {"covered_lines": 0, "num_statements": 4, "percent_covered": 0.0, "percent_covered_display": "0", "missing_lines": 4, "excluded_lines": 0, "percent_statements_covered": 0.0, "percent_statements_covered_display": "0"}, "missing_lines": [74, 75, 76, 77], "excluded_lines": [], "start_line": 73}, "PipelineOrchestrator.analyzer": {"executed_lines": [81, 82, 83, 84], "summary": {"covered_lines": 4, "num_statements": 4, "percent_covered": 100.0, "percent_covered_display": "100", "missing_lines": 0, "excluded_lines": 0, "percent_statements_covered": 100.0, "percent_statements_covered_display": "100"}, "missing_lines": [], "excluded_lines": [], "start_line": 80}, "PipelineOrchestrator.ai_orchestrator": {"executed_lines": [], "summary": {"covered_lines": 0, "num_statements": 4, "percent_covered": 0.0, "percent_covered_display": "0", "missing_lines": 4, "excluded_lines": 0, "percent_statements_covered": 0.0, "percent_statements_covered_display": "0"}, "missing_lines": [88, 89, 90, 91], "excluded_lines": [], "start_line": 87}, "PipelineOrchestrator.report_generator": {"executed_lines": [95, 96, 97, 98], "summary": {"covered_lines": 4, "num_statements": 4, "percent_covered": 100.0, "percent_covered_display": "100", "missing_lines": 0, "excluded_lines": 0, "percent_statements_covered": 100.0, "percent_statements_covered_display": "100"}, "missing_lines": [], "excluded_lines": [], "start_line": 94}, "PipelineOrchestrator.pdf_exporter": {"executed_lines": [102, 103, 104, 105], "summary": {"covered_lines": 4, "num_statements": 4, "percent_covered": 100.0, "percent_covered_display": "100", "missing_lines": 0, "excluded_lines": 0, "percent_statements_covered": 100.0, "percent_statements_covered_display": "100"}, "missing_lines": [], "excluded_lines": [], "start_line": 101}, "PipelineOrchestrator.run": {"executed_lines": [122, 123, 125, 126, 127, 128, 130, 133, 136, 139, 140, 143, 147, 151, 152, 154, 155, 156, 157, 160, 161, 162, 164], "summary": {"covered_lines": 23, "num_statements": 28, "percent_covered": 82.14285714285714, "percent_covered_display": "82", "missing_lines": 5, "excluded_lines": 0, "percent_statements_covered": 82.14285714285714, "percent_statements_covered_display": "82"}, "missing_lines": [131, 134, 137, 148, 149], "excluded_lines": [], "start_line": 112}, "PipelineOrchestrator._step_crawl": {"executed_lines": [], "summary": {"covered_lines": 0, "num_statements": 19, "percent_covered": 0.0, "percent_covered_display": "0", "missing_lines": 19, "excluded_lines": 0, "percent_statements_covered": 0.0, "percent_statements_covered_display": "0"}, "missing_lines": [172, 173, 175, 177, 178, 179, 181, 182, 184, 185, 187, 195, 196, 200, 201, 206, 207, 209, 210], "excluded_lines": [], "start_line": 170}, "PipelineOrchestrator._step_process": {"executed_lines": [], "summary": {"covered_lines": 0, "num_statements": 19, "percent_covered": 0.0, "percent_covered_display": "0", "missing_lines": 19, "excluded_lines": 0, "percent_statements_covered": 0.0, "percent_statements_covered_display": "0"}, "missing_lines": [221, 222, 224, 226, 227, 229, 230, 231, 234, 237, 240, 241, 243, 251, 252, 257, 258, 260, 261], "excluded_lines": [], "start_line": 219}, "PipelineOrchestrator._step_analyze": {"executed_lines": [], "summary": {"covered_lines": 0, "num_statements": 20, "percent_covered": 0.0, "percent_covered_display": "0", "missing_lines": 20, "excluded_lines": 0, "percent_statements_covered": 0.0, "percent_statements_covered_display": "0"}, "missing_lines": [273, 274, 276, 277, 280, 281, 283, 284, 286, 287, 291, 296, 302, 304, 312, 313, 318, 319, 321, 322], "excluded_lines": [], "start_line": 271}, "PipelineOrchestrator._step_report": {"executed_lines": [333, 334, 336, 337, 340, 341, 343, 348, 350, 351, 354, 355, 365, 375, 377, 378, 379, 380, 383, 384, 392, 394, 410, 411], "summary": {"covered_lines": 24, "num_statements": 37, "percent_covered": 64.86486486486487, "percent_covered_display": "65", "missing_lines": 13, "excluded_lines": 0, "percent_statements_covered": 64.86486486486487, "percent_statements_covered_display": "65"}, "missing_lines": [344, 352, 357, 385, 386, 387, 388, 389, 390, 401, 402, 407, 408], "excluded_lines": [], "start_line": 331}, "PipelineOrchestrator._calc_duration": {"executed_lines": [422, 423, 424, 425, 426], "summary": {"covered_lines": 5, "num_statements": 7, "percent_covered": 71.42857142857143, "percent_covered_display": "71", "missing_lines": 2, "excluded_lines": 0, "percent_statements_covered": 71.42857142857143, "percent_statements_covered_display": "71"}, "missing_lines": [427, 429], "excluded_lines": [], "start_line": 420}, "PipelineOrchestrator._print_summary": {"executed_lines": [436, 437, 438, 439, 440, 442, 452, 453], "summary": {"covered_lines": 8, "num_statements": 8, "percent_covered": 100.0, "percent_covered_display": "100", "missing_lines": 0, "excluded_lines": 0, "percent_statements_covered": 100.0, "percent_statements_covered_display": "100"}, "missing_lines": [], "excluded_lines": [], "start_line": 434}, "": {"executed_lines": [7, 8, 9, 10, 12, 14, 16, 19, 25, 65, 66, 72, 73, 79, 80, 86, 87, 93, 94, 100, 101, 111, 112, 170, 219, 271, 331, 420, 434], "summary": {"covered_lines": 29, "num_statements": 29, "percent_covered": 100.0, "percent_covered_display": "100", "missing_lines": 0, "excluded_lines": 0, "percent_statements_covered": 100.0, "percent_statements_covered_display": "100"}, "missing_lines": [], "excluded_lines": [], "start_line": 1}}, "classes": {"PipelineOrchestrator": {"executed_lines": [26, 29, 35, 36, 37, 38, 39, 40, 43, 44, 45, 48, 57, 67, 68, 69, 70, 81, 82, 83, 84, 95, 96, 97, 98, 102, 103, 104, 105, 122, 123, 125, 126, 127, 128, 130, 133, 136, 139, 140, 143, 147, 151, 152, 154, 155, 156, 157, 160, 161, 162, 164, 333, 334, 336, 337, 340, 341, 343, 348, 350, 351, 354, 355, 365, 375, 377, 378, 379, 380, 383, 384, 392, 394, 410, 411, 422, 423, 424, 425, 426, 436, 437, 438, 439, 440, 442, 452, 453], "summary": {"covered_lines": 89, "num_statements": 175, "percent_covered": 50.857142857142854, "percent_covered_display": "51", "missing_lines": 86, "excluded_lines": 0, "percent_statements_covered": 50.857142857142854, "percent_statements_covered_display": "51"}, "missing_lines": [74, 75, 76, 77, 88, 89, 90, 91, 131, 134, 137, 148, 149, 172, 173, 175, 177, 178, 179, 181, 182, 184, 185, 187, 195, 196, 200, 201, 206, 207, 209, 210, 221, 222, 224, 226, 227, 229, 230, 231, 234, 237, 240, 241, 243, 251, 252, 257, 258, 260, 261, 273, 274, 276, 277, 280, 281, 283, 284, 286, 287, 291, 296, 302, 304, 312, 313, 318, 319, 321, 322, 344, 352, 357, 385, 386, 387, 388, 389, 390, 401, 402, 407, 408, 427, 429], "excluded_lines": [], "start_line": 19}, "": {"executed_lines": [7, 8, 9, 10, 12, 14, 16, 19, 25, 65, 66, 72, 73, 79, 80, 86, 87, 93, 94, 100, 101, 111, 112, 170, 219, 271, 331, 420, 434], "summary": {"covered_lines": 29, "num_statements": 29, "percent_covered": 100.0, "percent_covered_display": "100", "missing_lines": 0, "excluded_lines": 0, "percent_statements_covered": 100.0, "percent_statements_covered_display": "100"}, "missing_lines": [], "excluded_lines": [], "start_line": 1}}}, "processing\\__init__.py": {"executed_lines": [6, 7, 9], "summary": {"covered_lines": 3, "num_statements": 3, "percent_covered": 100.0, "percent_covered_display": "100", "missing_lines": 0, "excluded_lines": 0, "percent_statements_covered": 100.0, "percent_statements_covered_display": "100"}, "missing_lines": [], "excluded_lines": [], "functions": {"": {"executed_lines": [6, 7, 9], "summary": {"covered_lines": 3, "num_statements": 3, "percent_covered": 100.0, "percent_covered_display": "100", "missing_lines": 0, "excluded_lines": 0, "percent_statements_covered": 100.0, "percent_statements_covered_display": "100"}, "missing_lines": [], "excluded_lines": [], "start_line": 1}}, "classes": {"": {"executed_lines": [6, 7, 9], "summary": {"covered_lines": 3, "num_statements": 3, "percent_covered": 100.0, "percent_covered_display": "100", "missing_lines": 0, "excluded_lines": 0, "percent_statements_covered": 100.0, "percent_statements_covered_display": "100"}, "missing_lines": [], "excluded_lines": [], "start_line": 1}}}, "processing\\analyzer.py": {"executed_lines": [7, 9, 11, 13, 16, 22, 23, 35, 38, 39, 40, 51, 54, 55, 56, 59, 60, 61, 69, 70, 71, 73, 74, 75, 78, 79, 80, 81, 82, 85, 86, 87, 89, 102, 103, 109], "summary": {"covered_lines": 36, "num_statements": 36, "percent_covered": 100.0, "percent_covered_display": "100", "missing_lines": 0, "excluded_lines": 0, "percent_statements_covered": 100.0, "percent_statements_covered_display": "100"}, "missing_lines": [], "excluded_lines": [], "functions": {"DataAnalyzer.analyze": {"executed_lines": [35, 38, 39, 40, 51, 54, 55, 56, 59, 60, 61, 69, 70, 71, 73, 74, 75, 78, 79, 80, 81, 82, 85, 86, 87, 89, 102, 103, 109], "summary": {"covered_lines": 29, "num_statements": 29, "percent_covered": 100.0, "percent_covered_display": "100", "missing_lines": 0, "excluded_lines": 0, "percent_statements_covered": 100.0, "percent_statements_covered_display": "100"}, "missing_lines": [], "excluded_lines": [], "start_line": 23}, "": {"executed_lines": [7, 9, 11, 13, 16, 22, 23], "summary": {"covered_lines": 7, "num_statements": 7, "percent_covered": 100.0, "percent_covered_display": "100", "missing_lines": 0, "excluded_lines": 0, "percent_statements_covered": 100.0, "percent_statements_covered_display": "100"}, "missing_lines": [], "excluded_lines": [], "start_line": 1}}, "classes": {"DataAnalyzer": {"executed_lines": [35, 38, 39, 40, 51, 54, 55, 56, 59, 60, 61, 69, 70, 71, 73, 74, 75, 78, 79, 80, 81, 82, 85, 86, 87, 89, 102, 103, 109], "summary": {"covered_lines": 29, "num_statements": 29, "percent_covered": 100.0, "percent_covered_display": "100", "missing_lines": 0, "excluded_lines": 0, "percent_statements_covered": 100.0, "percent_statements_covered_display": "100"}, "missing_lines": [], "excluded_lines": [], "start_line": 16}, "": {"executed_lines": [7, 9, 11, 13, 16, 22, 23], "summary": {"covered_lines": 7, "num_statements": 7, "percent_covered": 100.0, "percent_covered_display": "100", "missing_lines": 0, "excluded_lines": 0, "percent_statements_covered": 100.0, "percent_statements_covered_display": "100"}, "missing_lines": [], "excluded_lines": [], "start_line": 1}}}, "processing\\cleaner.py": {"executed_lines": [7, 8, 9, 10, 11, 13, 15, 17, 18, 21, 28, 29, 30, 31, 36, 37, 42, 45, 46, 47, 52, 53, 56, 59, 62, 65, 68, 71, 74, 75, 76, 77, 79, 80, 82, 87, 93, 95, 96, 98, 101, 102, 103, 106, 107, 108, 109, 110, 111, 113, 114, 115, 118, 124, 126, 127, 129, 130, 134, 135, 136, 139, 145, 147, 148, 150, 155, 163, 164, 167, 170, 171, 174, 179, 180, 181, 185, 191, 200, 202, 203, 207, 210, 213, 216, 219, 221, 222, 223, 229, 231, 232, 234, 235, 237, 238, 239, 243, 249, 251, 253, 254, 255, 260, 261, 265, 266, 267], "summary": {"covered_lines": 108, "num_statements": 116, "percent_covered": 93.10344827586206, "percent_covered_display": "93", "missing_lines": 8, "excluded_lines": 0, "percent_statements_covered": 93.10344827586206, "percent_statements_covered_display": "93"}, "missing_lines": [132, 151, 152, 165, 204, 257, 258, 263], "excluded_lines": [], "functions": {"DataCleaner.__init__": {"executed_lines": [29, 30, 31], "summary": {"covered_lines": 3, "num_statements": 3, "percent_covered": 100.0, "percent_covered_display": "100", "missing_lines": 0, "excluded_lines": 0, "percent_statements_covered": 100.0, "percent_statements_covered_display": "100"}, "missing_lines": [], "excluded_lines": [], "start_line": 28}, "DataCleaner.clean": {"executed_lines": [42, 45, 46, 47, 52, 53, 56, 59, 62, 65, 68, 71, 74, 75, 76, 77, 79, 80, 82, 87], "summary": {"covered_lines": 20, "num_statements": 20, "percent_covered": 100.0, "percent_covered_display": "100", "missing_lines": 0, "excluded_lines": 0, "percent_statements_covered": 100.0, "percent_statements_covered_display": "100"}, "missing_lines": [], "excluded_lines": [], "start_line": 37}, "DataCleaner._drop_missing_required": {"executed_lines": [95, 96, 98, 101, 102, 103, 106, 107, 108, 109, 110, 111, 113, 114, 115, 118], "summary": {"covered_lines": 16, "num_statements": 16, "percent_covered": 100.0, "percent_covered_display": "100", "missing_lines": 0, "excluded_lines": 0, "percent_statements_covered": 100.0, "percent_statements_covered_display": "100"}, "missing_lines": [], "excluded_lines": [], "start_line": 93}, "DataCleaner._deduplicate": {"executed_lines": [126, 127, 129, 130, 134, 135, 136, 139], "summary": {"covered_lines": 8, "num_statements": 9, "percent_covered": 88.88888888888889, "percent_covered_display": "89", "missing_lines": 1, "excluded_lines": 0, "percent_statements_covered": 88.88888888888889, "percent_statements_covered_display": "89"}, "missing_lines": [132], "excluded_lines": [], "start_line": 124}, "DataCleaner._filter_by_date": {"executed_lines": [147, 148, 150, 155, 163, 164, 167, 170, 171, 174, 179, 180, 181, 185], "summary": {"covered_lines": 14, "num_statements": 17, "percent_covered": 82.3529411764706, "percent_covered_display": "82", "missing_lines": 3, "excluded_lines": 0, "percent_statements_covered": 82.3529411764706, "percent_statements_covered_display": "82"}, "missing_lines": [151, 152, 165], "excluded_lines": [], "start_line": 145}, "DataCleaner._normalize_text": {"executed_lines": [200, 202, 203, 207, 210, 213, 216, 219, 221, 222, 223], "summary": {"covered_lines": 11, "num_statements": 12, "percent_covered": 91.66666666666667, "percent_covered_display": "92", "missing_lines": 1, "excluded_lines": 0, "percent_statements_covered": 91.66666666666667, "percent_statements_covered_display": "92"}, "missing_lines": [204], "excluded_lines": [], "start_line": 191}, "DataCleaner._filter_quality": {"executed_lines": [231, 232, 234, 235, 237, 238, 239, 243], "summary": {"covered_lines": 8, "num_statements": 8, "percent_covered": 100.0, "percent_covered_display": "100", "missing_lines": 0, "excluded_lines": 0, "percent_statements_covered": 100.0, "percent_statements_covered_display": "100"}, "missing_lines": [], "excluded_lines": [], "start_line": 229}, "DataCleaner._add_derived_columns": {"executed_lines": [251, 253, 254, 255, 260, 261, 265, 266, 267], "summary": {"covered_lines": 9, "num_statements": 12, "percent_covered": 75.0, "percent_covered_display": "75", "missing_lines": 3, "excluded_lines": 0, "percent_statements_covered": 75.0, "percent_statements_covered_display": "75"}, "missing_lines": [257, 258, 263], "excluded_lines": [], "start_line": 249}, "": {"executed_lines": [7, 8, 9, 10, 11, 13, 15, 17, 18, 21, 28, 36, 37, 93, 124, 145, 191, 229, 249], "summary": {"covered_lines": 19, "num_statements": 19, "percent_covered": 100.0, "percent_covered_display": "100", "missing_lines": 0, "excluded_lines": 0, "percent_statements_covered": 100.0, "percent_statements_covered_display": "100"}, "missing_lines": [], "excluded_lines": [], "start_line": 1}}, "classes": {"DataCleaner": {"executed_lines": [29, 30, 31, 42, 45, 46, 47, 52, 53, 56, 59, 62, 65, 68, 71, 74, 75, 76, 77, 79, 80, 82, 87, 95, 96, 98, 101, 102, 103, 106, 107, 108, 109, 110, 111, 113, 114, 115, 118, 126, 127, 129, 130, 134, 135, 136, 139, 147, 148, 150, 155, 163, 164, 167, 170, 171, 174, 179, 180, 181, 185, 200, 202, 203, 207, 210, 213, 216, 219, 221, 222, 223, 231, 232, 234, 235, 237, 238, 239, 243, 251, 253, 254, 255, 260, 261, 265, 266, 267], "summary": {"covered_lines": 89, "num_statements": 97, "percent_covered": 91.75257731958763, "percent_covered_display": "92", "missing_lines": 8, "excluded_lines": 0, "percent_statements_covered": 91.75257731958763, "percent_statements_covered_display": "92"}, "missing_lines": [132, 151, 152, 165, 204, 257, 258, 263], "excluded_lines": [], "start_line": 21}, "": {"executed_lines": [7, 8, 9, 10, 11, 13, 15, 17, 18, 21, 28, 36, 37, 93, 124, 145, 191, 229, 249], "summary": {"covered_lines": 19, "num_statements": 19, "percent_covered": 100.0, "percent_covered_display": "100", "missing_lines": 0, "excluded_lines": 0, "percent_statements_covered": 100.0, "percent_statements_covered_display": "100"}, "missing_lines": [], "excluded_lines": [], "start_line": 1}}}, "reporting\\__init__.py": {"executed_lines": [6, 7, 9], "summary": {"covered_lines": 3, "num_statements": 3, "percent_covered": 100.0, "percent_covered_display": "100", "missing_lines": 0, "excluded_lines": 0, "percent_statements_covered": 100.0, "percent_statements_covered_display": "100"}, "missing_lines": [], "excluded_lines": [], "functions": {"": {"executed_lines": [6, 7, 9], "summary": {"covered_lines": 3, "num_statements": 3, "percent_covered": 100.0, "percent_covered_display": "100", "missing_lines": 0, "excluded_lines": 0, "percent_statements_covered": 100.0, "percent_statements_covered_display": "100"}, "missing_lines": [], "excluded_lines": [], "start_line": 1}}, "classes": {"": {"executed_lines": [6, 7, 9], "summary": {"covered_lines": 3, "num_statements": 3, "percent_covered": 100.0, "percent_covered_display": "100", "missing_lines": 0, "excluded_lines": 0, "percent_statements_covered": 100.0, "percent_statements_covered_display": "100"}, "missing_lines": [], "excluded_lines": [], "start_line": 1}}}, "reporting\\markdown_generator.py": {"executed_lines": [7, 8, 9, 11, 13, 15, 18, 24, 30, 31, 33, 34, 40, 42, 48, 50, 51, 52, 54, 55, 57, 67, 69, 70, 72, 77, 79, 80, 82, 83, 85, 86, 92, 93, 107, 110, 111, 117, 118, 119, 122, 123, 124, 127, 132, 134, 135, 137, 151, 152, 153, 154, 159, 161, 162, 170], "summary": {"covered_lines": 56, "num_statements": 61, "percent_covered": 91.80327868852459, "percent_covered_display": "92", "missing_lines": 5, "excluded_lines": 0, "percent_statements_covered": 91.80327868852459, "percent_statements_covered_display": "92"}, "missing_lines": [112, 113, 114, 155, 156], "excluded_lines": [], "functions": {"MarkdownReportGenerator.__init__": {"executed_lines": [30, 31, 33, 34, 40, 42], "summary": {"covered_lines": 6, "num_statements": 6, "percent_covered": 100.0, "percent_covered_display": "100", "missing_lines": 0, "excluded_lines": 0, "percent_statements_covered": 100.0, "percent_statements_covered_display": "100"}, "missing_lines": [], "excluded_lines": [], "start_line": 24}, "MarkdownReportGenerator._register_filters": {"executed_lines": [50, 51, 52], "summary": {"covered_lines": 3, "num_statements": 3, "percent_covered": 100.0, "percent_covered_display": "100", "missing_lines": 0, "excluded_lines": 0, "percent_statements_covered": 100.0, "percent_statements_covered_display": "100"}, "missing_lines": [], "excluded_lines": [], "start_line": 48}, "MarkdownReportGenerator._category_emoji": {"executed_lines": [57, 67], "summary": {"covered_lines": 2, "num_statements": 2, "percent_covered": 100.0, "percent_covered_display": "100", "missing_lines": 0, "excluded_lines": 0, "percent_statements_covered": 100.0, "percent_statements_covered_display": "100"}, "missing_lines": [], "excluded_lines": [], "start_line": 55}, "MarkdownReportGenerator._source_display_name": {"executed_lines": [72, 77], "summary": {"covered_lines": 2, "num_statements": 2, "percent_covered": 100.0, "percent_covered_display": "100", "missing_lines": 0, "excluded_lines": 0, "percent_statements_covered": 100.0, "percent_statements_covered_display": "100"}, "missing_lines": [], "excluded_lines": [], "start_line": 70}, "MarkdownReportGenerator._escape_markdown": {"executed_lines": [82, 83, 85, 86], "summary": {"covered_lines": 4, "num_statements": 4, "percent_covered": 100.0, "percent_covered_display": "100", "missing_lines": 0, "excluded_lines": 0, "percent_statements_covered": 100.0, "percent_statements_covered_display": "100"}, "missing_lines": [], "excluded_lines": [], "start_line": 80}, "MarkdownReportGenerator.generate": {"executed_lines": [107, 110, 111, 117, 118, 119, 122, 123, 124, 127, 132, 134, 135, 137, 151, 152, 153, 154, 159, 161, 162, 170], "summary": {"covered_lines": 22, "num_statements": 27, "percent_covered": 81.48148148148148, "percent_covered_display": "81", "missing_lines": 5, "excluded_lines": 0, "percent_statements_covered": 81.48148148148148, "percent_statements_covered_display": "81"}, "missing_lines": [112, 113, 114, 155, 156], "excluded_lines": [], "start_line": 93}, "": {"executed_lines": [7, 8, 9, 11, 13, 15, 18, 24, 48, 54, 55, 69, 70, 79, 80, 92, 93], "summary": {"covered_lines": 17, "num_statements": 17, "percent_covered": 100.0, "percent_covered_display": "100", "missing_lines": 0, "excluded_lines": 0, "percent_statements_covered": 100.0, "percent_statements_covered_display": "100"}, "missing_lines": [], "excluded_lines": [], "start_line": 1}}, "classes": {"MarkdownReportGenerator": {"executed_lines": [30, 31, 33, 34, 40, 42, 50, 51, 52, 57, 67, 72, 77, 82, 83, 85, 86, 107, 110, 111, 117, 118, 119, 122, 123, 124, 127, 132, 134, 135, 137, 151, 152, 153, 154, 159, 161, 162, 170], "summary": {"covered_lines": 39, "num_statements": 44, "percent_covered": 88.63636363636364, "percent_covered_display": "89", "missing_lines": 5, "excluded_lines": 0, "percent_statements_covered": 88.63636363636364, "percent_statements_covered_display": "89"}, "missing_lines": [112, 113, 114, 155, 156], "excluded_lines": [], "start_line": 18}, "": {"executed_lines": [7, 8, 9, 11, 13, 15, 18, 24, 48, 54, 55, 69, 70, 79, 80, 92, 93], "summary": {"covered_lines": 17, "num_statements": 17, "percent_covered": 100.0, "percent_covered_display": "100", "missing_lines": 0, "excluded_lines": 0, "percent_statements_covered": 100.0, "percent_statements_covered_display": "100"}, "missing_lines": [], "excluded_lines": [], "start_line": 1}}}, "reporting\\pdf_exporter.py": {"executed_lines": [7, 8, 10, 12, 16, 119, 125, 126, 127, 129, 131, 132, 135, 136, 137, 139, 140, 142, 144, 145, 160, 162, 163], "summary": {"covered_lines": 23, "num_statements": 36, "percent_covered": 63.888888888888886, "percent_covered_display": "64", "missing_lines": 13, "excluded_lines": 0, "percent_statements_covered": 63.888888888888886, "percent_statements_covered_display": "64"}, "missing_lines": [133, 134, 169, 170, 173, 179, 193, 194, 196, 198, 199, 201, 206], "excluded_lines": [], "functions": {"PdfExporter.__init__": {"executed_lines": [126, 127], "summary": {"covered_lines": 2, "num_statements": 2, "percent_covered": 100.0, "percent_covered_display": "100", "missing_lines": 0, "excluded_lines": 0, "percent_statements_covered": 100.0, "percent_statements_covered_display": "100"}, "missing_lines": [], "excluded_lines": [], "start_line": 125}, "PdfExporter._check_weasyprint": {"executed_lines": [131, 132, 135, 136, 137], "summary": {"covered_lines": 5, "num_statements": 7, "percent_covered": 71.42857142857143, "percent_covered_display": "71", "missing_lines": 2, "excluded_lines": 0, "percent_statements_covered": 71.42857142857143, "percent_statements_covered_display": "71"}, "missing_lines": [133, 134], "excluded_lines": [], "start_line": 129}, "PdfExporter.is_available": {"executed_lines": [142], "summary": {"covered_lines": 1, "num_statements": 1, "percent_covered": 100.0, "percent_covered_display": "100", "missing_lines": 0, "excluded_lines": 0, "percent_statements_covered": 100.0, "percent_statements_covered_display": "100"}, "missing_lines": [], "excluded_lines": [], "start_line": 140}, "PdfExporter.export": {"executed_lines": [160, 162, 163], "summary": {"covered_lines": 3, "num_statements": 14, "percent_covered": 21.428571428571427, "percent_covered_display": "21", "missing_lines": 11, "excluded_lines": 0, "percent_statements_covered": 21.428571428571427, "percent_statements_covered_display": "21"}, "missing_lines": [169, 170, 173, 179, 193, 194, 196, 198, 199, 201, 206], "excluded_lines": [], "start_line": 145}, "": {"executed_lines": [7, 8, 10, 12, 16, 119, 125, 129, 139, 140, 144, 145], "summary": {"covered_lines": 12, "num_statements": 12, "percent_covered": 100.0, "percent_covered_display": "100", "missing_lines": 0, "excluded_lines": 0, "percent_statements_covered": 100.0, "percent_statements_covered_display": "100"}, "missing_lines": [], "excluded_lines": [], "start_line": 1}}, "classes": {"PdfExporter": {"executed_lines": [126, 127, 131, 132, 135, 136, 137, 142, 160, 162, 163], "summary": {"covered_lines": 11, "num_statements": 24, "percent_covered": 45.833333333333336, "percent_covered_display": "46", "missing_lines": 13, "excluded_lines": 0, "percent_statements_covered": 45.833333333333336, "percent_statements_covered_display": "46"}, "missing_lines": [133, 134, 169, 170, 173, 179, 193, 194, 196, 198, 199, 201, 206], "excluded_lines": [], "start_line": 119}, "": {"executed_lines": [7, 8, 10, 12, 16, 119, 125, 129, 139, 140, 144, 145], "summary": {"covered_lines": 12, "num_statements": 12, "percent_covered": 100.0, "percent_covered_display": "100", "missing_lines": 0, "excluded_lines": 0, "percent_statements_covered": 100.0, "percent_statements_covered_display": "100"}, "missing_lines": [], "excluded_lines": [], "start_line": 1}}}, "storage\\__init__.py": {"executed_lines": [6, 8], "summary": {"covered_lines": 2, "num_statements": 2, "percent_covered": 100.0, "percent_covered_display": "100", "missing_lines": 0, "excluded_lines": 0, "percent_statements_covered": 100.0, "percent_statements_covered_display": "100"}, "missing_lines": [], "excluded_lines": [], "functions": {"": {"executed_lines": [6, 8], "summary": {"covered_lines": 2, "num_statements": 2, "percent_covered": 100.0, "percent_covered_display": "100", "missing_lines": 0, "excluded_lines": 0, "percent_statements_covered": 100.0, "percent_statements_covered_display": "100"}, "missing_lines": [], "excluded_lines": [], "start_line": 1}}, "classes": {"": {"executed_lines": [6, 8], "summary": {"covered_lines": 2, "num_statements": 2, "percent_covered": 100.0, "percent_covered_display": "100", "missing_lines": 0, "excluded_lines": 0, "percent_statements_covered": 100.0, "percent_statements_covered_display": "100"}, "missing_lines": [], "excluded_lines": [], "start_line": 1}}}, "storage\\json_store.py": {"executed_lines": [8, 9, 10, 11, 12, 13, 14, 15, 17, 19, 21, 28, 30, 37, 38, 62, 68, 69, 70, 71, 72, 73, 76, 77, 78, 82, 99, 105, 106, 107, 108, 112, 113, 114, 117, 118, 131, 132, 134, 135, 141, 142, 147, 148, 149, 151, 152, 153, 154, 157, 158, 169, 170, 171, 173, 175, 176, 177, 180, 210, 211, 212, 213, 214, 217, 218, 233, 235, 246, 248, 249, 259, 260, 262, 263, 264, 265, 267, 268, 269, 271, 272, 273, 274, 275, 276, 277, 278, 282, 290, 294, 300, 301, 305, 306, 307, 309, 312, 314, 323, 325, 329, 331, 332, 334, 335, 339, 340, 341, 342, 343, 344, 356, 357, 363, 364, 377, 378, 380, 381, 386, 387, 391, 392, 393, 394, 395, 396, 408, 409, 415, 416, 418, 419, 420, 421, 425, 427, 429, 430, 432, 433, 434, 435, 439, 445, 446, 448, 454, 456, 457, 458, 460, 461, 462], "summary": {"covered_lines": 155, "num_statements": 217, "percent_covered": 71.42857142857143, "percent_covered_display": "71", "missing_lines": 62, "excluded_lines": 19, "percent_statements_covered": 71.42857142857143, "percent_statements_covered_display": "71"}, "missing_lines": [79, 80, 119, 120, 121, 122, 123, 124, 125, 159, 160, 161, 162, 163, 164, 165, 166, 178, 182, 184, 185, 186, 187, 189, 190, 192, 194, 197, 198, 199, 200, 202, 203, 204, 207, 261, 283, 284, 288, 337, 345, 346, 350, 351, 368, 369, 370, 372, 374, 375, 383, 388, 389, 397, 398, 399, 400, 402, 422, 423, 436, 437], "excluded_lines": [40, 41, 42, 43, 44, 45, 46, 47, 48, 49, 50, 51, 52, 53, 54, 55, 56, 57, 58], "functions": {"ArticleStore.save_raw_articles": {"executed_lines": [], "summary": {"covered_lines": 0, "num_statements": 0, "percent_covered": 100.0, "percent_covered_display": "100", "missing_lines": 0, "excluded_lines": 1, "percent_statements_covered": 100.0, "percent_statements_covered_display": "100"}, "missing_lines": [], "excluded_lines": [41], "start_line": 41}, "ArticleStore.load_raw_articles": {"executed_lines": [], "summary": {"covered_lines": 0, "num_statements": 0, "percent_covered": 100.0, "percent_covered_display": "100", "missing_lines": 0, "excluded_lines": 1, "percent_statements_covered": 100.0, "percent_statements_covered_display": "100"}, "missing_lines": [], "excluded_lines": [43], "start_line": 43}, "ArticleStore.save_processed_articles": {"executed_lines": [], "summary": {"covered_lines": 0, "num_statements": 0, "percent_covered": 100.0, "percent_covered_display": "100", "missing_lines": 0, "excluded_lines": 1, "percent_statements_covered": 100.0, "percent_statements_covered_display": "100"}, "missing_lines": [], "excluded_lines": [45], "start_line": 45}, "ArticleStore.load_processed_articles": {"executed_lines": [], "summary": {"covered_lines": 0, "num_statements": 0, "percent_covered": 100.0, "percent_covered_display": "100", "missing_lines": 0, "excluded_lines": 1, "percent_statements_covered": 100.0, "percent_statements_covered_display": "100"}, "missing_lines": [], "excluded_lines": [47], "start_line": 47}, "ArticleStore.save_ai_result": {"executed_lines": [], "summary": {"covered_lines": 0, "num_statements": 0, "percent_covered": 100.0, "percent_covered_display": "100", "missing_lines": 0, "excluded_lines": 1, "percent_statements_covered": 100.0, "percent_statements_covered_display": "100"}, "missing_lines": [], "excluded_lines": [49], "start_line": 49}, "ArticleStore.load_ai_result": {"executed_lines": [], "summary": {"covered_lines": 0, "num_statements": 0, "percent_covered": 100.0, "percent_covered_display": "100", "missing_lines": 0, "excluded_lines": 1, "percent_statements_covered": 100.0, "percent_statements_covered_display": "100"}, "missing_lines": [], "excluded_lines": [51], "start_line": 51}, "ArticleStore.save_report": {"executed_lines": [], "summary": {"covered_lines": 0, "num_statements": 0, "percent_covered": 100.0, "percent_covered_display": "100", "missing_lines": 0, "excluded_lines": 1, "percent_statements_covered": 100.0, "percent_statements_covered_display": "100"}, "missing_lines": [], "excluded_lines": [53], "start_line": 53}, "ArticleStore.list_files": {"executed_lines": [], "summary": {"covered_lines": 0, "num_statements": 0, "percent_covered": 100.0, "percent_covered_display": "100", "missing_lines": 0, "excluded_lines": 1, "percent_statements_covered": 100.0, "percent_statements_covered_display": "100"}, "missing_lines": [], "excluded_lines": [55], "start_line": 55}, "JsonFileStore.__init__": {"executed_lines": [69, 70, 71, 72, 73, 76, 77, 78, 82], "summary": {"covered_lines": 9, "num_statements": 11, "percent_covered": 81.81818181818181, "percent_covered_display": "82", "missing_lines": 2, "excluded_lines": 0, "percent_statements_covered": 81.81818181818181, "percent_statements_covered_display": "82"}, "missing_lines": [79, 80], "excluded_lines": [], "start_line": 68}, "JsonFileStore._atomic_write_json": {"executed_lines": [105, 106, 107, 108, 112, 113, 114, 117, 118], "summary": {"covered_lines": 9, "num_statements": 16, "percent_covered": 56.25, "percent_covered_display": "56", "missing_lines": 7, "excluded_lines": 0, "percent_statements_covered": 56.25, "percent_statements_covered_display": "56"}, "missing_lines": [119, 120, 121, 122, 123, 124, 125], "excluded_lines": [], "start_line": 99}, "JsonFileStore._sanitize_filename": {"executed_lines": [134, 135], "summary": {"covered_lines": 2, "num_statements": 2, "percent_covered": 100.0, "percent_covered_display": "100", "missing_lines": 0, "excluded_lines": 0, "percent_statements_covered": 100.0, "percent_statements_covered_display": "100"}, "missing_lines": [], "excluded_lines": [], "start_line": 132}, "JsonFileStore.save_raw_articles": {"executed_lines": [147, 148, 149, 151, 152, 153, 154, 157, 158, 169, 170, 171, 173, 175, 176, 177, 180, 210, 211, 212, 213, 214, 217, 218, 233, 235, 246], "summary": {"covered_lines": 27, "num_statements": 53, "percent_covered": 50.943396226415096, "percent_covered_display": "51", "missing_lines": 26, "excluded_lines": 0, "percent_statements_covered": 50.943396226415096, "percent_statements_covered_display": "51"}, "missing_lines": [159, 160, 161, 162, 163, 164, 165, 166, 178, 182, 184, 185, 186, 187, 189, 190, 192, 194, 197, 198, 199, 200, 202, 203, 204, 207], "excluded_lines": [], "start_line": 142}, "JsonFileStore.load_raw_articles": {"executed_lines": [259, 260, 262, 263, 264, 265, 267, 268, 269, 271, 272, 273, 274, 275, 276, 277, 278, 282, 290, 294], "summary": {"covered_lines": 20, "num_statements": 24, "percent_covered": 83.33333333333333, "percent_covered_display": "83", "missing_lines": 4, "excluded_lines": 0, "percent_statements_covered": 83.33333333333333, "percent_statements_covered_display": "83"}, "missing_lines": [261, 283, 284, 288], "excluded_lines": [], "start_line": 249}, "JsonFileStore.save_processed_articles": {"executed_lines": [305, 306, 307, 309, 312, 314, 323, 325, 329], "summary": {"covered_lines": 9, "num_statements": 9, "percent_covered": 100.0, "percent_covered_display": "100", "missing_lines": 0, "excluded_lines": 0, "percent_statements_covered": 100.0, "percent_statements_covered_display": "100"}, "missing_lines": [], "excluded_lines": [], "start_line": 301}, "JsonFileStore.load_processed_articles": {"executed_lines": [334, 335, 339, 340, 341, 342, 343, 344, 356, 357], "summary": {"covered_lines": 10, "num_statements": 15, "percent_covered": 66.66666666666667, "percent_covered_display": "67", "missing_lines": 5, "excluded_lines": 0, "percent_statements_covered": 66.66666666666667, "percent_statements_covered_display": "67"}, "missing_lines": [337, 345, 346, 350, 351], "excluded_lines": [], "start_line": 332}, "JsonFileStore.save_ai_result": {"executed_lines": [], "summary": {"covered_lines": 0, "num_statements": 6, "percent_covered": 0.0, "percent_covered_display": "0", "missing_lines": 6, "excluded_lines": 0, "percent_statements_covered": 0.0, "percent_statements_covered_display": "0"}, "missing_lines": [368, 369, 370, 372, 374, 375], "excluded_lines": [], "start_line": 364}, "JsonFileStore.load_ai_result": {"executed_lines": [380, 381, 386, 387, 391, 392, 393, 394, 395, 396], "summary": {"covered_lines": 10, "num_statements": 18, "percent_covered": 55.55555555555556, "percent_covered_display": "56", "missing_lines": 8, "excluded_lines": 0, "percent_statements_covered": 55.55555555555556, "percent_statements_covered_display": "56"}, "missing_lines": [383, 388, 389, 397, 398, 399, 400, 402], "excluded_lines": [], "start_line": 378}, "JsonFileStore.save_report": {"executed_lines": [415, 416, 418, 419, 420, 421, 425], "summary": {"covered_lines": 7, "num_statements": 9, "percent_covered": 77.77777777777777, "percent_covered_display": "78", "missing_lines": 2, "excluded_lines": 0, "percent_statements_covered": 77.77777777777777, "percent_statements_covered_display": "78"}, "missing_lines": [422, 423], "excluded_lines": [], "start_line": 409}, "JsonFileStore.save_report_binary": {"executed_lines": [429, 430, 432, 433, 434, 435, 439], "summary": {"covered_lines": 7, "num_statements": 9, "percent_covered": 77.77777777777777, "percent_covered_display": "78", "missing_lines": 2, "excluded_lines": 0, "percent_statements_covered": 77.77777777777777, "percent_statements_covered_display": "78"}, "missing_lines": [436, 437], "excluded_lines": [], "start_line": 427}, "JsonFileStore.list_files": {"executed_lines": [448, 454, 456, 457, 458, 460, 461, 462], "summary": {"covered_lines": 8, "num_statements": 8, "percent_covered": 100.0, "percent_covered_display": "100", "missing_lines": 0, "excluded_lines": 0, "percent_statements_covered": 100.0, "percent_statements_covered_display": "100"}, "missing_lines": [], "excluded_lines": [], "start_line": 446}, "": {"executed_lines": [8, 9, 10, 11, 12, 13, 14, 15, 17, 19, 21, 28, 30, 37, 38, 62, 68, 99, 131, 132, 141, 142, 248, 249, 300, 301, 331, 332, 363, 364, 377, 378, 408, 409, 427, 445, 446], "summary": {"covered_lines": 37, "num_statements": 37, "percent_covered": 100.0, "percent_covered_display": "100", "missing_lines": 0, "excluded_lines": 11, "percent_statements_covered": 100.0, "percent_statements_covered_display": "100"}, "missing_lines": [], "excluded_lines": [40, 42, 44, 46, 48, 50, 52, 54, 56, 57, 58], "start_line": 1}}, "classes": {"StorageError": {"executed_lines": [], "summary": {"covered_lines": 0, "num_statements": 0, "percent_covered": 100.0, "percent_covered_display": "100", "missing_lines": 0, "excluded_lines": 0, "percent_statements_covered": 100.0, "percent_statements_covered_display": "100"}, "missing_lines": [], "excluded_lines": [], "start_line": 28}, "ArticleStore": {"executed_lines": [], "summary": {"covered_lines": 0, "num_statements": 0, "percent_covered": 100.0, "percent_covered_display": "100", "missing_lines": 0, "excluded_lines": 8, "percent_statements_covered": 100.0, "percent_statements_covered_display": "100"}, "missing_lines": [], "excluded_lines": [41, 43, 45, 47, 49, 51, 53, 55], "start_line": 38}, "JsonFileStore": {"executed_lines": [69, 70, 71, 72, 73, 76, 77, 78, 82, 105, 106, 107, 108, 112, 113, 114, 117, 118, 134, 135, 147, 148, 149, 151, 152, 153, 154, 157, 158, 169, 170, 171, 173, 175, 176, 177, 180, 210, 211, 212, 213, 214, 217, 218, 233, 235, 246, 259, 260, 262, 263, 264, 265, 267, 268, 269, 271, 272, 273, 274, 275, 276, 277, 278, 282, 290, 294, 305, 306, 307, 309, 312, 314, 323, 325, 329, 334, 335, 339, 340, 341, 342, 343, 344, 356, 357, 380, 381, 386, 387, 391, 392, 393, 394, 395, 396, 415, 416, 418, 419, 420, 421, 425, 429, 430, 432, 433, 434, 435, 439, 448, 454, 456, 457, 458, 460, 461, 462], "summary": {"covered_lines": 118, "num_statements": 180, "percent_covered": 65.55555555555556, "percent_covered_display": "66", "missing_lines": 62, "excluded_lines": 0, "percent_statements_covered": 65.55555555555556, "percent_statements_covered_display": "66"}, "missing_lines": [79, 80, 119, 120, 121, 122, 123, 124, 125, 159, 160, 161, 162, 163, 164, 165, 166, 178, 182, 184, 185, 186, 187, 189, 190, 192, 194, 197, 198, 199, 200, 202, 203, 204, 207, 261, 283, 284, 288, 337, 345, 346, 350, 351, 368, 369, 370, 372, 374, 375, 383, 388, 389, 397, 398, 399, 400, 402, 422, 423, 436, 437], "excluded_lines": [], "start_line": 62}, "": {"executed_lines": [8, 9, 10, 11, 12, 13, 14, 15, 17, 19, 21, 28, 30, 37, 38, 62, 68, 99, 131, 132, 141, 142, 248, 249, 300, 301, 331, 332, 363, 364, 377, 378, 408, 409, 427, 445, 446], "summary": {"covered_lines": 37, "num_statements": 37, "percent_covered": 100.0, "percent_covered_display": "100", "missing_lines": 0, "excluded_lines": 11, "percent_statements_covered": 100.0, "percent_statements_covered_display": "100"}, "missing_lines": [], "excluded_lines": [40, 42, 44, 46, 48, 50, 52, 54, 56, 57, 58], "start_line": 1}}}}, "totals": {"covered_lines": 674, "num_statements": 966, "percent_covered": 69.77225672877847, "percent_covered_display": "70", "missing_lines": 292, "excluded_lines": 19, "percent_statements_covered": 69.77225672877847, "percent_statements_covered_display": "70"}}