<?xml version="1.0" encoding="utf-8"?><testsuites name="pytest tests"><testsuite name="pytest" errors="0" failures="0" skipped="1" tests="110" time="12.814" timestamp="2026-04-22T22:00:37.887138+07:00" hostname="DESKTOP-KRD85FP"><testcase classname="tests.test_ai_engine.TestPrompts" name="test_executive_summary_prompt_has_placeholders" time="4.655" /><testcase classname="tests.test_ai_engine.TestPrompts" name="test_keyword_prompt_has_placeholders" time="0.002" /><testcase classname="tests.test_ai_engine.TestPrompts" name="test_highlighted_prompt_has_placeholders" time="0.003" /><testcase classname="tests.test_ai_engine.TestPrompts" name="test_batch_prompt_has_placeholder" time="0.001" /><testcase classname="tests.test_ai_engine.TestAIOrchestrator" name="test_init_builds_llm_with_fallback" time="0.018" /><testcase classname="tests.test_ai_engine.TestAIOrchestrator" name="test_init_no_fallback" time="0.011" /><testcase classname="tests.test_ai_engine.TestAIOrchestrator" name="test_process_empty_articles" time="0.016" /><testcase classname="tests.test_ai_engine.TestAIOrchestrator" name="test_process_output_schema" time="0.154" /><testcase classname="tests.test_ai_engine.TestAIOrchestrator" name="test_prepare_text_corpus" time="0.017" /><testcase classname="tests.test_ai_engine.TestAIOrchestrator" name="test_deduplicate_keywords" time="0.004" /><testcase classname="tests.test_config.TestAppSettings" name="test_missing_gemini_key_raises_error" time="0.118" /><testcase classname="tests.test_config.TestAppSettings" name="test_fallback_requires_openai_key" time="0.012" /><testcase classname="tests.test_config.TestAppSettings" name="test_fallback_disabled_no_openai_key_ok" time="0.014" /><testcase classname="tests.test_config.TestAppSettings" name="test_concurrent_requests_out_of_range" time="0.015" /><testcase classname="tests.test_config.TestAppSettings" name="test_concurrent_requests_negative" time="0.018" /><testcase classname="tests.test_config.TestAppSettings" name="test_download_delay_out_of_range" time="0.012" /><testcase classname="tests.test_config.TestAppSettings" name="test_crawl_days_back_out_of_range" time="0.013" /><testcase classname="tests.test_config.TestAppSettings" name="test_valid_config_loads_successfully" time="0.012" /><testcase classname="tests.test_config.TestAppSettings" name="test_production_enforces_min_delay" time="0.016" /><testcase classname="tests.test_config.TestAppSettings" name="test_get_active_model" time="0.013" /><testcase classname="tests.test_config.TestAppSettings" name="test_get_fallback_model_enabled" time="0.010" /><testcase classname="tests.test_config.TestAppSettings" name="test_default_storage_paths" time="0.012" /><testcase classname="tests.test_crawler.TestNewsArticleItem" name="test_item_has_all_fields" time="0.007" /><testcase classname="tests.test_crawler.TestNewsArticleItem" name="test_item_accepts_valid_data" time="0.002" /><testcase classname="tests.test_crawler.TestValidationPipeline" name="test_valid_item_passes" time="0.009" /><testcase classname="tests.test_crawler.TestValidationPipeline" name="test_missing_title_drops" time="0.009" /><testcase classname="tests.test_crawler.TestValidationPipeline" name="test_missing_content_drops" time="0.008" /><testcase classname="tests.test_crawler.TestValidationPipeline" name="test_short_content_drops" time="0.008" /><testcase classname="tests.test_crawler.TestValidationPipeline" name="test_missing_url_drops" time="0.007" /><testcase classname="tests.test_crawler.TestDateNormalizationPipeline" name="test_parse_dd_mm_yyyy_time" time="0.005" /><testcase classname="tests.test_crawler.TestDateNormalizationPipeline" name="test_parse_vietnamese_date_with_day_name" time="0.008" /><testcase classname="tests.test_crawler.TestDateNormalizationPipeline" name="test_parse_already_iso" time="0.004" /><testcase classname="tests.test_crawler.TestDateNormalizationPipeline" name="test_parse_relative_hours" time="0.018" /><testcase classname="tests.test_crawler.TestDateNormalizationPipeline" name="test_parse_relative_days" time="0.004" /><testcase classname="tests.test_crawler.TestDateNormalizationPipeline" name="test_unparseable_returns_none" time="0.011" /><testcase classname="tests.test_crawler.TestDeduplicationPipeline" name="test_unique_items_pass" time="0.004" /><testcase classname="tests.test_crawler.TestDeduplicationPipeline" name="test_duplicate_item_dropped" time="0.008" /><testcase classname="tests.test_crawler.TestDeduplicationPipeline" name="test_generates_id_if_missing" time="0.003" /><testcase classname="tests.test_pipeline.TestLogger" name="test_setup_creates_log_directory" time="0.028" /><testcase classname="tests.test_pipeline.TestLogger" name="test_alias_files_created" time="0.018" /><testcase classname="tests.test_pipeline.TestLogger" name="test_log_function_decorator" time="0.018" /><testcase classname="tests.test_pipeline.TestLogger" name="test_log_function_captures_exception" time="0.018" /><testcase classname="tests.test_pipeline.TestLogger" name="test_get_logger_returns_child" time="0.009" /><testcase classname="tests.test_pipeline.TestLogger" name="test_truncate_long_string" time="0.003" /><testcase classname="tests.test_pipeline.TestLogger" name="test_truncate_short_string" time="0.002" /><testcase classname="tests.test_pipeline.TestLogger" name="test_truncate_none" time="0.001" /><testcase classname="tests.test_pipeline.TestPipelineOrchestrator" name="test_init_creates_orchestrator" time="0.014" /><testcase classname="tests.test_pipeline.TestPipelineOrchestrator" name="test_result_schema" time="0.005" /><testcase classname="tests.test_pipeline.TestPipelineOrchestrator" name="test_run_invalid_step" time="0.009" /><testcase classname="tests.test_pipeline.TestPipelineOrchestrator" name="test_summary_always_printed" time="0.704" /><testcase classname="tests.test_pipeline.TestPipelineOrchestrator" name="test_duration_calculated" time="0.439" /><testcase classname="tests.test_processing.TestDataCleaner" name="test_clean_returns_dataframe" time="0.127" /><testcase classname="tests.test_processing.TestDataCleaner" name="test_clean_preserves_valid_articles" time="0.098" /><testcase classname="tests.test_processing.TestDataCleaner" name="test_derived_columns_added" time="0.100" /><testcase classname="tests.test_processing.TestDataCleaner" name="test_empty_input_returns_empty_dataframe" time="0.009" /><testcase classname="tests.test_processing.TestDataCleaner" name="test_drops_missing_title" time="0.093" /><testcase classname="tests.test_processing.TestDataCleaner" name="test_drops_missing_content" time="0.120" /><testcase classname="tests.test_processing.TestDataCleaner" name="test_deduplicates_by_article_id" time="0.114" /><testcase classname="tests.test_processing.TestDataCleaner" name="test_filters_old_articles" time="0.092" /><testcase classname="tests.test_processing.TestDataCleaner" name="test_filters_short_content" time="0.093" /><testcase classname="tests.test_processing.TestDataCleaner" name="test_normalizes_text_html_entities" time="0.094" /><testcase classname="tests.test_processing.TestDataCleaner" name="test_normalizes_text_strip_html_tags" time="0.117" /><testcase classname="tests.test_processing.TestDataAnalyzer" name="test_analyze_output_schema" time="0.133" /><testcase classname="tests.test_processing.TestDataAnalyzer" name="test_analyze_total_articles" time="0.120" /><testcase classname="tests.test_processing.TestDataAnalyzer" name="test_analyze_articles_per_source" time="0.218" /><testcase classname="tests.test_processing.TestDataAnalyzer" name="test_analyze_empty_dataframe" time="0.008" /><testcase classname="tests.test_processing.TestDataAnalyzer" name="test_analyze_avg_values" time="0.175" /><testcase classname="tests.test_reporting.TestMarkdownReportGenerator" name="test_generate_returns_string" time="0.042" /><testcase classname="tests.test_reporting.TestMarkdownReportGenerator" name="test_report_contains_title" time="0.033" /><testcase classname="tests.test_reporting.TestMarkdownReportGenerator" name="test_report_contains_executive_summary" time="0.029" /><testcase classname="tests.test_reporting.TestMarkdownReportGenerator" name="test_report_contains_keywords_table" time="0.035" /><testcase classname="tests.test_reporting.TestMarkdownReportGenerator" name="test_report_contains_highlighted_news" time="0.029" /><testcase classname="tests.test_reporting.TestMarkdownReportGenerator" name="test_report_contains_metadata" time="0.036" /><testcase classname="tests.test_reporting.TestMarkdownReportGenerator" name="test_report_contains_footer" time="0.029" /><testcase classname="tests.test_reporting.TestMarkdownReportGenerator" name="test_report_has_all_3_sections" time="0.041" /><testcase classname="tests.test_reporting.TestMarkdownReportGenerator" name="test_empty_summary_shows_fallback" time="0.042" /><testcase classname="tests.test_reporting.TestMarkdownReportGenerator" name="test_empty_keywords_shows_fallback" time="0.063" /><testcase classname="tests.test_reporting.TestMarkdownReportGenerator" name="test_empty_news_shows_fallback" time="0.055" /><testcase classname="tests.test_reporting.TestMarkdownReportGenerator" name="test_missing_ai_result_graceful" time="0.033" /><testcase classname="tests.test_reporting.TestJinjaFilters" name="test_category_emoji_football" time="0.002" /><testcase classname="tests.test_reporting.TestJinjaFilters" name="test_category_emoji_tennis" time="0.003" /><testcase classname="tests.test_reporting.TestJinjaFilters" name="test_category_emoji_esports" time="0.002" /><testcase classname="tests.test_reporting.TestJinjaFilters" name="test_category_emoji_unknown" time="0.002" /><testcase classname="tests.test_reporting.TestJinjaFilters" name="test_source_display_vnexpress" time="0.004" /><testcase classname="tests.test_reporting.TestJinjaFilters" name="test_source_display_thanhnien" time="0.002" /><testcase classname="tests.test_reporting.TestJinjaFilters" name="test_source_display_tuoitre" time="0.001" /><testcase classname="tests.test_reporting.TestJinjaFilters" name="test_source_display_unknown" time="0.002" /><testcase classname="tests.test_reporting.TestJinjaFilters" name="test_escape_markdown_pipe" time="0.002" /><testcase classname="tests.test_reporting.TestJinjaFilters" name="test_escape_markdown_empty" time="0.002" /><testcase classname="tests.test_reporting.TestPdfExporter" name="test_pdf_exporter_init" time="0.302" /><testcase classname="tests.test_reporting.TestPdfExporter" name="test_pdf_export_without_weasyprint" time="0.245" /><testcase classname="tests.test_reporting.TestPdfExporter" name="test_pdf_export_with_weasyprint" time="0.207"><skipped type="pytest.skip" message="WeasyPrint not installed">C:\Users\Admin\Desktop\PCA company\tests\test_reporting.py:261: WeasyPrint not installed</skipped></testcase><testcase classname="tests.test_storage.TestJsonFileStoreInit" name="test_creates_directories" time="0.014" /><testcase classname="tests.test_storage.TestJsonFileStoreInit" name="test_idempotent_init" time="0.013" /><testcase classname="tests.test_storage.TestSaveRawArticles" name="test_save_creates_json_file" time="0.025" /><testcase classname="tests.test_storage.TestSaveRawArticles" name="test_save_empty_list" time="0.025" /><testcase classname="tests.test_storage.TestSaveRawArticles" name="test_filename_format" time="0.020" /><testcase classname="tests.test_storage.TestSaveRawArticles" name="test_filename_sanitization" time="0.018" /><testcase classname="tests.test_storage.TestLoadRawArticles" name="test_load_all" time="0.026" /><testcase classname="tests.test_storage.TestLoadRawArticles" name="test_load_by_source" time="0.031" /><testcase classname="tests.test_storage.TestLoadRawArticles" name="test_load_by_date" time="0.027" /><testcase classname="tests.test_storage.TestLoadRawArticles" name="test_load_empty_returns_empty_list" time="0.020" /><testcase classname="tests.test_storage.TestLoadRawArticles" name="test_load_corrupt_json_skipped" time="0.016" /><testcase classname="tests.test_storage.TestSaveProcessedArticles" name="test_save_and_load_processed" time="0.013" /><testcase classname="tests.test_storage.TestSaveProcessedArticles" name="test_processed_metadata" time="0.024" /><testcase classname="tests.test_storage.TestSaveReport" name="test_save_markdown_report" time="0.019" /><testcase classname="tests.test_storage.TestSaveReport" name="test_save_binary_report" time="0.018" /><testcase classname="tests.test_storage.TestListFiles" name="test_list_raw_files" time="0.031" /><testcase classname="tests.test_storage.TestListFiles" name="test_list_empty_directory" time="0.017" /><testcase classname="tests.test_storage.TestListFiles" name="test_list_nonexistent_directory" time="0.016" /></testsuite></testsuites>